  코드를 생성하고 있습니다.
  521 of 1590 functions (32.8%) were compiled, the rest were copied from previous compilation.
    1 functions were new in current compilation
    36 functions had inline decision re-evaluated but remain unchanged
  코드를 생성했습니다.
  reconstruction.vcxproj -> C:\Users\iilab\Desktop\3DbodyScan\reconstruction\x64\Release\reconstruction.exe
  Copy OpenCV and RealSense SDK shared modules next to the application
  C:\Program Files (x86)\Intel RealSense SDK 2.0\bin\x64\realsense2.dll
  1개 파일이 복사되었습니다.
  C:\Program Files (x86)\Intel RealSense SDK 2.0\third-party\opencv-3.4\\bin\x64\Release\opencv_calib3d341.dll
  C:\Program Files (x86)\Intel RealSense SDK 2.0\third-party\opencv-3.4\\bin\x64\Release\opencv_core341.dll
  C:\Program Files (x86)\Intel RealSense SDK 2.0\third-party\opencv-3.4\\bin\x64\Release\opencv_dnn341.dll
  C:\Program Files (x86)\Intel RealSense SDK 2.0\third-party\opencv-3.4\\bin\x64\Release\opencv_features2d341.dll
  C:\Program Files (x86)\Intel RealSense SDK 2.0\third-party\opencv-3.4\\bin\x64\Release\opencv_flann341.dll
  C:\Program Files (x86)\Intel RealSense SDK 2.0\third-party\opencv-3.4\\bin\x64\Release\opencv_highgui341.dll
  C:\Program Files (x86)\Intel RealSense SDK 2.0\third-party\opencv-3.4\\bin\x64\Release\opencv_imgcodecs341.dll
  C:\Program Files (x86)\Intel RealSense SDK 2.0\third-party\opencv-3.4\\bin\x64\Release\opencv_imgproc341.dll
  C:\Program Files (x86)\Intel RealSense SDK 2.0\third-party\opencv-3.4\\bin\x64\Release\opencv_ml341.dll
  C:\Program Files (x86)\Intel RealSense SDK 2.0\third-party\opencv-3.4\\bin\x64\Release\opencv_objdetect341.dll
  C:\Program Files (x86)\Intel RealSense SDK 2.0\third-party\opencv-3.4\\bin\x64\Release\opencv_photo341.dll
  C:\Program Files (x86)\Intel RealSense SDK 2.0\third-party\opencv-3.4\\bin\x64\Release\opencv_shape341.dll
  C:\Program Files (x86)\Intel RealSense SDK 2.0\third-party\opencv-3.4\\bin\x64\Release\opencv_stitching341.dll
  C:\Program Files (x86)\Intel RealSense SDK 2.0\third-party\opencv-3.4\\bin\x64\Release\opencv_superres341.dll
  C:\Program Files (x86)\Intel RealSense SDK 2.0\third-party\opencv-3.4\\bin\x64\Release\opencv_video341.dll
  C:\Program Files (x86)\Intel RealSense SDK 2.0\third-party\opencv-3.4\\bin\x64\Release\opencv_videoio341.dll
  C:\Program Files (x86)\Intel RealSense SDK 2.0\third-party\opencv-3.4\\bin\x64\Release\opencv_videostab341.dll
  17개 파일이 복사되었습니다.
  C:\Program Files (x86)\Intel RealSense SDK 2.0\third-party\opencv-3.4\\data\MobileNetSSD_deploy.caffemodel
  C:\Program Files (x86)\Intel RealSense SDK 2.0\third-party\opencv-3.4\\data\MobileNetSSD_deploy.prototxt
  2개 파일이 복사되었습니다.
  C:\Program Files (x86)\Intel RealSense SDK 2.0\third-party\opencv-3.4\\data\MobileNetSSD_deploy.caffemodel
  C:\Program Files (x86)\Intel RealSense SDK 2.0\third-party\opencv-3.4\\data\MobileNetSSD_deploy.prototxt
  2개 파일이 복사되었습니다.
